(9430, 4)
(45285, 4)
(45285, 4)
(943,)
Initialize end.The user number is:943,item number is:1682
9430
s.mu: 3.53381914541
s.bu: [  1.03217892e-01   1.63150552e-01  -9.25123493e-01   4.66180855e-01
  -9.01635237e-01  -5.60413676e-02   4.71736410e-01   7.48765068e-02
   6.96950085e-01   6.43396044e-01  -5.06730780e-02   9.27719316e-01
  -4.11289501e-01   3.97999036e-01  -5.13410982e-01   7.54316448e-01
  -6.17152479e-01   3.32847521e-01   3.76094260e-02  -4.46862624e-01
  -8.10927579e-01  -1.00983325e-01   2.26180855e-01   7.76525682e-01
   4.66180855e-01  -7.43121471e-01  -4.56896068e-01   1.58488547e-01
  -7.22806839e-02   4.10625299e-01   5.44161487e-02  -4.16172087e-01
   1.58488547e-01   8.66180855e-01  -6.76676288e-01  -3.38191454e-02
  -5.23376639e-02   5.94011936e-02   1.66180855e-01  -7.10289734e-01
   2.28085616e-01   3.32034513e-01   1.86610962e-01   3.68085459e-03
  -1.17152479e-01   2.84362673e-01   8.15654700e-02   3.86180855e-01
  -9.51401563e-01   4.64239305e-03   1.32847521e-01   5.61418950e-01
   2.99514188e-01  -1.63448775e-01  -5.33819145e-01   1.60298502e-01
  -1.44930257e-01   3.84213641e-01   4.42512216e-01   5.65081953e-01
  -5.33819145e-01  -3.48633960e-01  -6.44930257e-01   1.44341774e-01
   5.43103932e-01  -1.33819145e-01   1.93453582e-01  -4.62390574e-01
   3.23323712e-01  -2.50472156e-02   5.32847521e-01   5.13055855e-01
   3.04890532e-01   9.77598020e-02  -1.09576721e-01   1.32847521e-01
   1.42651443e-01   6.61808546e-02   4.24514188e-01   1.09037997e-01
  -8.93747010e-02  -5.84452057e-01  -1.11944145e-01   3.50796239e-01
  -1.56108090e-03  -1.49203761e-01   3.47901285e-01   3.82847521e-01
   7.66180855e-01   8.05163905e-01   3.81074472e-01  -3.26372337e-01
  -6.58819145e-01   1.23157599e-01  -2.53819145e-01   7.87609426e-01
   6.88403077e-01  -2.83819145e-01  -1.09161611e-01  -6.07893219e-01
  -5.68301904e-01  -9.21574247e-01   8.15654700e-02  -6.50485812e-01
  -5.33819145e-01   1.90318786e-01  -5.33819145e-01  -7.50335594e-03
  -2.65777908e-01  -4.99920840e-01   1.58488547e-01   1.72063208e-01
   3.76094260e-02   5.70899455e-02   9.40878313e-02  -5.03516115e-01
   3.85099774e-01   1.15189514e+00   3.72847521e-01  -3.67152479e-01
  -6.71524787e-02   5.09659115e-01   3.41180855e-01  -2.26126838e-01
  -5.65464181e-02  -2.33819145e-01   6.32847521e-01   2.19804043e-01
  -1.08937470e+00   5.12847521e-01   1.01163540e+00   6.09037997e-01
  -1.33819145e-01   1.53680855e-01  -3.43342955e-01   7.99514188e-01
   9.84699373e-01   7.16180855e-01   2.66180855e-01  -3.38191454e-02
  -3.38191454e-02   7.48765068e-02  -1.33819145e-01   7.33237117e-02
  -1.16552958e-01   2.16180855e-01   6.66180855e-01   7.16180855e-01
  -5.33819145e-01   3.12334701e-01   4.59187848e-01   8.26180855e-01
  -1.17152479e-01   6.04111889e-01  -1.17667629e+00   2.66180855e-01
   4.66180855e-01   1.24408703e-01  -2.65526462e-01   4.10625299e-01
  -9.26676288e-01   2.99514188e-01  -6.24728236e-01   3.72430855e-01
   5.49514188e-01  -2.00485812e-01  -2.00485812e-01  -1.05247717e-01
   2.84362673e-01   2.16180855e-01   4.64239305e-03  -3.90962003e-01
   7.70528681e-01   1.11750475e-01   6.09037997e-01   7.59369521e-02
   7.84257525e-02   7.06584665e-02  -7.69113263e-01   3.79224333e-01
  -1.98209501e+00   3.82847521e-01  -6.20775667e-01   9.58104842e-02
   5.66180855e-01  -4.81048597e-02   6.09037997e-01   3.41180855e-01
   4.16180855e-01  -1.90069145e-01   2.84362673e-01   3.94752283e-01
  -3.45139900e-01  -5.72780184e-01  -4.03384363e-01   6.61808546e-02
  -2.53445691e-02  -2.69451329e-01  -5.81438193e-01   3.70027008e-01
  -5.33819145e-01  -8.67152479e-01  -3.38191454e-02  -2.39701498e-01
  -7.56041368e-01  -1.17381915e+00  -4.03384363e-01   3.41180855e-01
  -6.58819145e-01   6.04111889e-01  -3.67152479e-01   1.32847521e-01
   7.99514188e-01   3.42893183e-01   1.24717440e-01   3.05466569e-01
  -6.58819145e-01   1.32847521e-01   1.80466569e-01   2.66180855e-01
   4.72619357e-02  -5.56291056e-01  -5.97648933e-01  -6.20026042e-01
   6.66180855e-01   3.32847521e-01  -3.38191454e-02  -5.33819145e-01
  -7.64588376e-01   2.34296797e-01  -3.38191454e-02   4.39153828e-01
   9.14456717e-01  -4.25976008e-01   3.96413413e-01   1.93453582e-01
   4.22702594e-01   3.76094260e-02   7.49762944e-01   8.15654700e-02
   2.17364101e-02   7.99514188e-01   1.80466569e-01   8.88223640e-02
  -4.00485812e-01  -6.54698266e-01   1.02544491e-01   2.17364101e-02
   5.72241461e-01   1.83161987e-01   2.03022960e-01   1.03760943e+00
   5.55069743e-01  -2.72280684e-01  -7.90962003e-01   3.74344120e-01
   5.46180855e-01   6.96950085e-01   6.53680855e-01   7.16180855e-01
   7.99514188e-01  -3.95357607e-01   6.32847521e-01   7.20726309e-01
  -3.38191454e-02  -3.38191454e-02   3.51238326e-01  -7.37766514e-01
  -5.41172087e-01   7.36022124e-01   8.40670334e-02   9.39865065e-01
  -3.38191454e-02   5.03217892e-01  -3.98684010e-01  -8.49302565e-02
   1.16180855e-01   6.88403077e-01  -2.15637327e-01   2.00051822e-01
  -1.17152479e-01  -5.33819145e-01   7.16180855e-01   1.02544491e-01
   1.99514188e-01   1.03217892e-01   7.16180855e-01   4.05574794e-01
  -3.52000964e-01  -8.76652993e-02   1.11570926e-01   6.90670651e-01
  -5.79796157e-01   2.86808546e-02   8.72774261e-01   6.49514188e-01
  -1.92910055e-01   3.47536787e-01  -1.17152479e-01   3.66180855e-01
  -1.05247717e-01  -1.39096200e+00  -1.60032738e-01  -9.63191454e-02
  -1.48402479e-01  -3.38191454e-02   2.51895140e-01   2.32414621e-01
  -3.38191454e-02  -3.38191454e-02   2.04642393e-01   8.06840195e-01
   1.70180855e-01   4.64239305e-03   4.19669227e-01  -2.52569145e-01
   4.64239305e-03   1.69884558e-01  -2.00485812e-01   1.74514188e-01
   2.16180855e-01   5.91180855e-01   1.68883557e-01   7.25440114e-01
  -8.93747010e-02  -2.26126838e-01  -1.01819145e-01  -1.15015727e-01
  -1.67152479e-01   9.91180855e-01   5.23877511e-02   7.10083294e-01
   3.32847521e-01   8.46019072e-02  -7.22806839e-02  -6.43194145e-01
   5.83827913e-01   3.80466569e-01   4.82847521e-01   8.66180855e-01
   2.99514188e-01  -3.93136509e-02   4.02544491e-01   1.32847521e-01
   1.35672380e-01  -3.55247717e-01   1.52004624e-02   1.86180855e-01
  -4.13819145e-01   8.36551225e-01   4.22702594e-01   1.16180855e-01
  -3.03049915e-01   1.22094833e-01   4.66180855e-01   4.66180855e-01
   6.09037997e-01   5.96615637e-01   4.66180855e-01   3.31045719e-01
   3.31565470e-01  -3.33819145e-01  -5.40962003e-01  -3.33819145e-01
  -1.17152479e-01   5.25004384e-01   5.81565470e-01  -6.33819145e-01
   7.99514188e-01   7.48765068e-02   6.93453582e-01   6.59729242e-01
   2.57089945e-01  -1.74844786e-01   3.89257778e-01  -7.92736909e-02
   2.99514188e-01  -1.71181783e-01   5.14724544e-01  -2.04705221e-01
   4.98967740e-01   8.15654700e-02   6.13239678e-01   7.99514188e-01
  -2.10510875e-01   5.91180855e-01  -1.51006645e-01   3.16180855e-01
   2.58633685e-01   2.66180855e-01   3.25829977e-01   7.72303304e-01
  -2.48772416e-01   3.41180855e-01   1.99514188e-01   9.77598020e-02
   2.89710266e-01   1.24075591e-01  -5.53686695e-01   3.76094260e-02
  -4.27758539e-01   2.59284303e-01   1.93453582e-01   5.70899455e-02
  -1.65577036e+00   2.17364101e-02  -6.26652993e-02  -3.38191454e-02
   6.21404505e-02  -5.33819145e-01   1.69884558e-01   3.35746072e-01
   2.05311289e-01   4.66180855e-01   5.91180855e-01   2.88761500e-01
  -2.88786033e-01  -6.87665299e-01   7.38908127e-01   6.88403077e-01
   5.53137376e-01   1.93723439e-02   1.86180855e-01  -1.24728236e-01
  -7.29695434e-01   3.99514188e-01   9.27719316e-01   2.48789550e-01
  -1.11138733e-01  -1.09576721e-01  -3.38191454e-02   4.66180855e-01
  -1.05247717e-01  -2.18029672e-01  -2.32614326e-01   2.99514188e-01
   1.45679514e-02   5.43103932e-01   2.86808546e-02   7.43958632e-01
  -1.33819145e-01  -5.02569145e-01   1.66180855e-01   1.32847521e-01
  -1.47927369e+00  -1.03381915e+00   6.96291304e-02   1.72063208e-01
   4.35877824e-01   3.24549953e-01  -5.12080015e-01   2.53206395e-02
  -2.62390574e-01  -6.13819145e-01  -3.95662718e-02  -1.21044976e-03
   5.81225102e-01   2.45250622e-01  -1.81967294e-01   1.79049925e-02
  -7.15637327e-01   4.66180855e-01  -6.41511453e-01   5.04642393e-01
   2.76622044e-03  -2.54749378e-01   1.80466569e-01   3.39196728e-01
   9.32847521e-01   1.09037997e-01  -5.33819145e-01   6.38055855e-01
   7.51895140e-01   4.98648387e-01   7.99514188e-01  -1.39082303e-01
   8.16180855e-01  -2.31808475e-02  -8.67603219e-02   2.66180855e-01
   4.97430855e-01  -2.00485812e-01  -2.57957076e-01   4.80673608e-01
  -1.10524772e+00  -3.28999868e-01   1.21048111e-01   3.97102664e-02
   2.95449147e-01  -4.08819145e-01   2.78680855e-01   6.61808546e-02
   1.21918560e-01   3.70942759e-01   4.76819152e-01  -5.51676288e-01
  -2.72625116e-01  -2.04705221e-01   7.40239918e-02  -1.76676288e-01
   8.68705098e-02  -2.48104860e-01   4.66180855e-01   1.36180855e-01
  -1.54508801e-01   2.86808546e-02   1.14799904e+00   1.80466569e-01
  -8.90962003e-01  -3.67152479e-01   1.02544491e-01   9.66180855e-01
   6.66180855e-01   3.36769090e-01  -7.56041368e-01   9.66180855e-01
  -7.10289734e-01   1.43600209e-01   4.66180855e-01  -6.58819145e-01
  -3.90962003e-01   1.24395863e+00   8.46180855e-01  -6.48536282e-02
  -3.59906102e-01  -4.33819145e-01   2.37609426e-01  -1.40962003e-01
   2.61808546e-02   4.66180855e-01  -1.76676288e-01   5.12477151e-01
  -8.66646739e-02   4.66180855e-01   4.76081845e-01   3.46180855e-01
  -5.75485812e-01   8.38279134e-02   4.66180855e-01   1.58488547e-01
   2.55028885e-02  -6.41221757e-02   6.14189498e-02  -7.00485812e-01
  -8.78731995e-02   4.20726309e-01   1.66180855e-01   9.11808546e-02
   8.15654700e-02   3.41180855e-01   2.94539064e-01  -3.58819145e-01
   4.43958632e-01  -1.53006269e-02   5.06180855e-01   2.05311289e-01
   2.99514188e-01   6.96950085e-01  -1.39082303e-01  -1.02000964e-01
  -5.51676288e-01  -2.75754629e-01   5.99514188e-01   1.09037997e-01
   9.42371331e-01   6.03837531e-02   4.05574794e-01  -4.16172087e-01
   7.14440125e-02  -1.36715248e+00   2.17364101e-02  -5.33819145e-01
   1.58488547e-01   1.88403077e-01  -2.00485812e-01   1.50391381e-01
   2.79906345e-01  -5.33819145e-01  -4.99481777e-02  -3.38191454e-02
   6.66180855e-01  -2.74559886e-01   9.32847521e-01  -3.38191454e-02
   1.90318786e-01  -1.14066059e-01  -6.70182782e-01   3.24587934e-01
   6.61808546e-02   2.92267811e-01   7.84257525e-02   2.61502492e-01
  -6.08461724e-02  -1.76676288e-01  -2.78499996e-01   3.23323712e-01
   2.35411624e-01  -1.17152479e-01   2.43958632e-01   1.37999022e-02
  -5.66606031e-01   8.15654700e-02   1.61808546e-02  -2.00485812e-01
  -3.38191454e-02   5.30995669e-01   5.49514188e-01   7.63503461e-02
  -1.10524772e+00  -4.40738071e-03   4.66180855e-01   4.66180855e-01
   6.66180855e-01  -3.38191454e-02   3.73588262e-01   1.32847521e-01
  -9.11596923e-01  -2.42910055e-01  -1.10918727e-02   3.02915548e-01
   3.92145625e-02  -1.11405352e-01   4.07357325e-01   1.30558546e-02
  -1.61270126e-01  -9.33819145e-01  -3.54043865e-01   1.46618085e+00
   5.69629130e-01  -1.37985812e-01  -6.17152479e-01   3.17244684e-01
  -1.10742222e-01  -8.09889567e-02  -2.83819145e-01   7.99514188e-01
  -1.04663966e+00  -6.71524787e-02  -7.62390574e-01   9.03680855e-01
   7.16180855e-01   6.34030768e-02   2.94137844e-01   5.43103932e-01
   5.32847521e-01  -6.91713882e-01   8.52284736e-02  -1.15379429e-01
  -1.58819145e-01  -3.91975174e-01   3.41180855e-01  -3.33819145e-01
  -7.41226553e-01   2.87076377e-01  -6.16886238e-01  -1.03381915e+00
  -2.00485812e-01   1.90318786e-01   2.01120614e-01  -9.32049234e-01
   3.78461556e-01   2.84362673e-01   1.07971899e-01   1.88403077e-01
  -1.10742222e-01   1.24300513e-01   5.18812434e-01  -1.00096216e-02
  -1.25655880e-01   3.55069743e-01   5.94011936e-02  -2.83819145e-01
   1.58488547e-01   4.66180855e-01   1.32847521e-01  -1.05247717e-01
   1.99514188e-01  -3.67152479e-01   1.16180855e-01   6.66180855e-01
  -2.48104860e-01  -4.11726122e-01  -2.63548875e-01   1.76707170e-01
  -1.45689607e+00   8.82847521e-01  -7.00485812e-01   1.06618085e+00
   4.66180855e-01  -4.37665299e-01   8.50796239e-01  -1.52866764e-01
  -4.42910055e-01   6.72063208e-01  -2.26126838e-01   3.55069743e-01
   2.35411624e-01  -7.33819145e-01  -4.45583851e-01   9.11808546e-02
   7.51895140e-01  -4.33819145e-01  -2.74559886e-01   2.43958632e-01
   3.92106781e-01   4.95141879e-02  -3.85810502e-02  -3.55247717e-01
  -9.26426748e-02   2.86693675e-01   3.01043240e-01   1.61833029e-01
  -8.19533431e-01  -8.38191454e-02   2.46224130e-02   3.39196728e-01
   5.59244443e-02   4.64239305e-03  -3.46319145e-01   4.66180855e-01
   3.59482964e-02   4.07357325e-01  -2.00485812e-01  -1.27066125e+00
   8.29817218e-01  -6.33819145e-01  -3.26676288e-01   1.32847521e-01
  -9.08819145e-01  -5.33819145e-01  -2.63548875e-01   2.43958632e-01
  -4.01466204e-01   1.89514030e-03   1.80466569e-01  -4.22708034e-01
   5.49514188e-01   2.96689329e-01  -1.05247717e-01   3.23323712e-01
  -1.15637327e-01   4.66180855e-01   3.23323712e-01   2.99514188e-01
  -2.72949580e-01   1.80466569e-01   4.96031601e-01   1.02544491e-01
   9.47522832e-02  -4.56896068e-01  -2.16240235e-02  -3.14306950e-01
   3.50796239e-01  -1.05247717e-01  -2.56041368e-01  -3.74728236e-01
  -1.41927254e-01   2.96483885e-01   8.23323712e-01  -5.33819145e-01
  -8.24141726e-01  -8.67152479e-01   4.29143818e-01   8.15654700e-02
   5.57089945e-01  -1.86450724e-01   7.01474972e-01  -4.13819145e-01
  -7.33819145e-01   9.47662336e-01  -8.55432833e-02   7.32847521e-01
  -3.90962003e-01  -1.42804991e+00   4.66180855e-01  -1.29563826e-01
   3.75271764e-01  -7.33819145e-01   6.53680855e-01   5.06180855e-01
   7.72919657e-02  -7.30080828e-01   1.93453582e-01   4.07357325e-01
   3.76094260e-02   4.66180855e-01  -4.93819145e-01  -1.63129490e-01
   7.72919657e-02  -5.42083608e-01   7.99514188e-01  -5.33819145e-01
  -3.38191454e-02   7.81970328e-01  -3.08467033e-01   7.31172708e-02
  -6.87665299e-01  -1.43988637e-01   4.66180855e-01   3.99514188e-01
   5.57089945e-01  -2.51767863e-01  -9.83819145e-01   5.90379974e-02
  -1.90069145e-01   1.60625299e-01   4.66180855e-01   7.16180855e-01
  -3.67152479e-01   6.66180855e-01   5.91180855e-01  -3.38191454e-02
  -6.58819145e-01  -4.67152479e-01   1.98854122e-01   3.32847521e-01
  -2.33819145e-01   2.43958632e-01   7.38908127e-01  -3.33819145e-01
   7.70528681e-01  -3.79972992e-01   4.66180855e-01  -1.10524772e+00
   1.27471177e-01   4.26965168e-01  -2.26126838e-01  -4.65637327e-01
   1.13239678e-01   1.47999036e-01   1.05069743e-01  -6.24728236e-01
  -4.85275456e-01   3.55069743e-01   6.61833029e-01   2.05311289e-01
  -4.98104860e-01   6.80466569e-01  -5.33819145e-01   6.94028956e-01
   4.03680855e-01   5.66180855e-01  -7.81130973e-01  -4.60142674e-02
  -6.44930257e-01   2.43958632e-01  -5.80694145e-01   8.96950085e-01
   1.46618085e+00   1.11835477e+00  -1.43014548e-01  -4.40738071e-03
  -4.90340885e-01  -4.07382364e-01  -6.71524787e-02  -1.05247717e-01
   1.02544491e-01   9.11808546e-02   2.28085616e-01  -2.51767863e-01
   6.83572159e-01   8.58072746e-01  -4.33819145e-01   2.93767061e-01
  -1.32169793e+00  -8.67152479e-01   8.07089945e-01  -5.63230910e-01
  -5.33819145e-01  -2.18191454e-02   2.38731623e-02  -2.39701498e-01
  -5.33819145e-01   2.35411624e-01   7.68506436e-01   6.88403077e-01
   2.95449147e-01  -2.05950293e-01   1.32847521e-01  -1.60255927e-01
  -1.31949987e-01   6.79295609e-01   4.49787412e-01  -4.40738071e-03
  -2.18029672e-01  -1.02626485e-01   3.29194553e-01   7.99514188e-01
  -1.04288944e-01   4.43958632e-01   5.43103932e-01   3.90709156e-01
  -1.14464307e-01   4.87895502e-02   1.93453582e-01  -6.29360547e-01
   4.43192349e-01  -2.83819145e-01  -5.84093093e-02  -1.32329283e+00
   2.70102423e-01   2.06921595e-01   3.27719316e-01   3.08286118e-01
  -2.21319145e-01   3.29817218e-01   1.00464239e+00  -6.95334311e-02
   8.29817218e-01  -3.73819145e-01   4.17400367e-01  -8.38191454e-02
  -4.17556533e-02  -2.48104860e-01  -5.33819145e-01  -1.86301415e-01
  -5.33819145e-01  -1.81967294e-01  -6.21210322e-02  -2.48104860e-01
  -1.46064043e-01  -2.75198456e-01   5.06180855e-01   3.75271764e-01
  -4.74995616e-01   6.61808546e-02   2.99514188e-01   7.51895140e-01
   2.03022960e-01  -4.98104860e-01   1.66180855e-01   4.66180855e-01
  -9.24623743e-01   1.61833029e-01   5.18812434e-01   8.93692604e-02
  -3.23292830e-01  -1.67965487e-01   9.84699373e-01  -1.02446596e-01
   9.11808546e-02   7.56503435e-01  -1.11944145e-01]Recommend_SVDplusplus.py:23: FutureWarning: read_table is deprecated, use read_csv instead, passing sep='\t'.
  allData = pd.read_table(allfile, names=data_fields)
 shape: (943,)
s.bi: [ 0.36940666 -0.30932935 -0.61490023 ...,  0.          0.         -0.53381915] shape: (1682,)
s.U: [[  6.52004479e-03  -2.10111966e-05   3.72634755e-03 ...,   1.43752002e-03
    9.49109705e-03  -2.05163182e-04]
 [  5.95841549e-03   8.46581706e-03  -5.39727057e-05 ...,   9.43754363e-03
    6.60793613e-03   9.43464920e-03]
 [  4.30748978e-03   7.31571611e-03   7.06254961e-03 ...,  -1.59379516e-04
    4.90317199e-03   5.56773448e-03]
 ..., 
 [  2.14208983e-03   4.02089712e-03   7.73379174e-03 ...,   8.76860897e-03
    4.66934472e-03   1.04136764e-03]
 [  8.69219354e-03   8.35820416e-03   4.05237555e-03 ...,   4.02653411e-03
    3.35331961e-03   1.44094874e-03]
 [  3.87796180e-04   1.03845310e-03   1.69626383e-03 ...,   8.31496872e-03
    2.42506238e-03   6.14012325e-04]] shape: (943, 20)
s.V: [[  1.64528836e-03   9.13770765e-03  -3.92484001e-04 ...,   8.95933939e-03
    6.99197125e-03   6.33794884e-03]
 [  6.41149682e-03   8.02591223e-03   4.53041955e-04 ...,   8.59566244e-03
    1.17811171e-03   8.36218813e-03]
 [  1.98209524e-03   8.40720179e-03   2.52165838e-03 ...,   6.85220604e-03
    3.75774719e-03   2.82974539e-03]
 ..., 
 [  7.35571722e-03   7.50609511e-03  -3.00465981e-05 ...,   3.31491080e-03
    5.54144872e-04   5.99964147e-03]
 [  4.89367214e-03   1.84197307e-03   1.92020373e-03 ...,   7.85912476e-03
    7.75584146e-03   6.98855174e-04]
 [  4.35935810e-03   4.66729224e-03   5.22596793e-03 ...,   8.81370194e-04
   -1.25677534e-04   9.28968998e-03]] shape: (1682, 20)
s.W: [[  5.36519257e-03   1.92005077e-03   9.00630529e-03 ...,   3.15160393e-03
    2.59573148e-03   4.45481960e-03]
 [  4.45218287e-03   2.70203920e-03   7.30600215e-03 ...,   9.43140038e-03
    2.74422550e-03   4.01682033e-03]
 [  8.88269979e-03   1.86531370e-04   4.20492687e-03 ...,   3.32843702e-03
    7.19877598e-04   7.38704242e-03]
 ..., 
 [  4.23820976e-03   2.15957918e-03   4.18260128e-03 ...,   3.41803076e-04
    4.55213801e-03   3.31094939e-03]
 [  1.16183135e-03   3.27851891e-03   1.68567072e-03 ...,   4.41925836e-03
    5.93761794e-03   5.06212871e-03]
 [ -3.24012876e-05   3.27695914e-03   8.47842802e-03 ...,   3.10879587e-03
    1.16840842e-03   5.59405723e-03]] shape: (1682, 20)
Beginning to train the model......
第1轮进度：5000/45285
Traceback (most recent call last):
  File "/home/yangcg/anaconda3/envs/py35_tf1.11_gpu/lib/python3.6/abc.py", line 182, in __instancecheck__
    if subclass in cls._abc_cache:
KeyboardInterrupt

The above exception was the direct cause of the following exception:

Traceback (most recent call last):
  File "Recommend_SVDplusplus.py", line 221, in <module>
    s.train(iterTimes=100)
  File "Recommend_SVDplusplus.py", line 110, in train
    temp = self.implict.loc[user+1][self.implict.loc[user+1].isnull() == False]
  File "/home/yangcg/anaconda3/envs/py35_tf1.11_gpu/lib/python3.6/site-packages/pandas/core/ops.py", line 1767, in wrapper
    if is_scalar(res):
SystemError: <built-in function is_scalar> returned a result with an error set
(9430, 4)
(45285, 4)
(45285, 4)
(943,)
Initialize end.The user number is:943,item number is:1682
9430
s.mu: 3.53373081594
s.bu: [  1.75670893e-01   3.89346107e-01  -6.20687338e-01   7.51983470e-01
  -7.00397483e-01   4.73072252e-03   3.77871394e-01   5.66269184e-01
   6.32935851e-01   6.66269184e-01  -1.67533633e-01   7.57935851e-01
  -4.20018441e-01   5.57178275e-01  -5.33730816e-01   8.85624023e-01
  -6.67064149e-01   3.20970039e-01   3.55158073e-01  -5.33730816e-01
  -7.76974059e-01  -5.75403398e-02   4.52165525e-02   9.03769184e-01
   4.09126327e-01  -6.06901548e-01  -3.11508594e-01   1.41944860e-01
   6.62691841e-02   2.99602517e-01   3.55158073e-01  -2.48016530e-01
   1.93541911e-01  -3.37308159e-02  -3.51912634e-01   5.77380295e-01
   1.43688539e-01   1.20814639e-01  -3.37308159e-02  -5.33730816e-01
   2.16269184e-01   1.40967979e-01   1.75571510e-01   1.05158073e-01
   1.46269184e-01   7.73961492e-01  -1.58730816e-01   4.66269184e-01
  -1.06782173e+00   4.66269184e-01   1.02632820e-01   7.24333700e-01
   4.66269184e-01   2.18247396e-02  -1.03373082e+00   1.53016172e-01
  -2.30925181e-02   1.00415526e-01   4.60386831e-01   5.83916243e-01
  -5.33730816e-01  -2.17404285e-01  -4.00397483e-01   1.32935851e-01
   2.78769184e-01  -1.21966110e-01   3.99602517e-01  -3.37308159e-02
   4.66269184e-01  -8.21179127e-02   3.89346107e-01   3.16269184e-01
   2.59372632e-01   1.53769184e-01  -3.33730816e-01  -1.26323409e-01
   3.69494991e-01  -1.49115431e-01   2.28173946e-01   1.32935851e-01
  -2.42064149e-01  -5.58422174e-01  -1.21032403e-01   2.92356141e-01
   5.08845687e-02   3.94840613e-01   1.98942451e-01   7.38996457e-01
   3.78033890e-01   7.20000527e-01   3.52632820e-01  -3.47684304e-01
  -6.58730816e-01   1.43864812e-01  -4.57308159e-02   8.26269184e-01
   7.87697755e-01  -1.33730816e-01  -2.52562397e-02  -5.33730816e-01
  -6.24639907e-01  -8.99802245e-01   2.35499953e-01  -9.40510477e-01
  -4.22619705e-01   2.51983470e-01  -5.33730816e-01   1.13328008e-01
  -5.95928849e-02  -3.44075644e-01  -7.00397483e-01   1.80554898e-01
   9.12691841e-02   1.74602517e-01   3.68708208e-01  -6.58730816e-01
   3.87321816e-01   1.18055490e+00   4.28769184e-01  -3.90873673e-01
   1.24163921e-01   5.13888232e-01   6.16269184e-01   3.76977555e-02
  -1.25836079e-01  -6.31425806e-02   1.01172373e+00   1.25092713e-01
  -1.35191263e+00   5.43617250e-01   4.66269184e-01   2.99602517e-01
  -4.50397483e-01  -3.37308159e-02  -2.93730816e-01   8.78033890e-01
   7.01563302e-01   7.04364422e-01   3.55158073e-01  -8.92863715e-02
  -3.08730816e-01  -2.21230816e-01   2.18247396e-02   2.75257948e-01
  -4.31905124e-03   1.02632820e-01   1.03769776e+00   8.26269184e-01
  -9.54783448e-01   1.99602517e-01   4.37697755e-01   7.04364422e-01
  -1.03373082e+00   5.71532342e-01  -1.07918536e+00   2.66269184e-01
   4.30554898e-01   2.71824740e-01  -2.39613169e-01   3.23412041e-01
  -8.13730816e-01  -1.58730816e-01  -2.83730816e-01   6.73165736e-01
   4.66269184e-01   1.02632820e-01   3.38367516e-02   7.34120412e-02
   4.66269184e-01   3.75360093e-01  -1.33730816e-01  -3.51912634e-01
   5.86269184e-01   1.98346977e-03   2.28173946e-01  -5.22493345e-02
   1.80554898e-01   2.07276378e-01  -9.02151869e-01   3.78033890e-01
  -2.03373082e+00   5.66269184e-01  -4.03296033e-01   5.04275999e-02
   7.04364422e-01  -2.38276270e-01   4.66269184e-01   2.11367223e-01
   5.44920869e-01  -1.10653893e-01   1.80554898e-01  -2.83730816e-01
  -3.13730816e-01  -5.96667879e-01  -2.42064149e-01   9.78481314e-02
  -8.73022445e-02  -2.28852767e-01  -4.74907287e-01   5.52807646e-01
  -3.57973240e-01  -1.15873082e+00  -1.52778435e-01   4.96025174e-02
  -4.50397483e-01  -1.68757697e+00  -2.45442528e-01   4.52165525e-02
  -6.05159387e-01   5.48236397e-01  -4.74907287e-01   4.66269184e-01
   7.40778988e-01   3.99602517e-01   1.60713629e-01   2.76614012e-01
  -5.33730816e-01   7.93585072e-03   1.93541911e-01  -1.33730816e-01
   1.61184438e-01  -5.51482295e-01  -5.72946502e-01  -5.79884662e-01
   1.08165380e+00   3.08374447e-01   1.80554898e-01  -5.33730816e-01
  -8.67064149e-01   3.30675964e-01   1.09126327e-01   4.90078708e-01
   7.76614012e-01  -4.09328902e-01   3.73676591e-01  -1.44841927e-01
   6.53769184e-01  -3.19445102e-01   6.62990496e-01   5.57178275e-01
   1.32935851e-01   7.73961492e-01   1.32935851e-01   2.76726928e-02
  -8.67064149e-01  -4.58730816e-01   5.28769184e-01  -7.91853614e-02
   6.05804068e-01   1.52887919e-02   1.60713629e-01   7.16269184e-01
   5.22872958e-01  -4.79676762e-01  -8.92705175e-01   4.56065102e-01
   4.66269184e-01  -2.00397483e-01   2.89798596e-01   8.41269184e-01
   5.91269184e-01  -1.54420471e-01   3.86269184e-01   7.34126327e-01
  -5.75403398e-02  -1.33730816e-01   4.40952728e-01  -6.99198442e-01
  -4.54783448e-01   8.21107894e-01  -9.43930698e-04   8.89346107e-01
   3.76977555e-02   6.20115338e-01  -4.22619705e-01  -1.18476579e-01
  -1.52778435e-01   3.75360093e-01  -3.12576970e-01   6.94437872e-02
  -3.37308159e-02   2.16269184e-01   7.87697755e-01  -5.54699464e-02
   4.66269184e-01   2.14016932e-01   5.04730723e-01   2.93855391e-01
  -9.33730816e-01  -2.27279203e-01   2.46572214e-01   6.69659015e-01
  -5.55352438e-01   1.46562808e-02   7.95814639e-01   7.37455625e-01
  -1.43486914e-01   6.11723730e-01  -7.84462631e-02   3.41269184e-01
  -3.37308159e-02  -1.07918536e+00  -1.52996871e-01   4.73072252e-03
  -4.39348976e-02   2.66269184e-01   3.34193712e-01   1.81385463e-01
  -3.37308159e-02   2.99602517e-01   2.75429489e-01   9.35834401e-01
  -1.45000467e-02  -2.88764470e-02   4.44046962e-01   2.07009925e-01
  -1.17064149e-01   2.51079311e-01  -7.91853614e-02   2.16269184e-01
   1.69972888e-01   5.06269184e-01  -1.44841927e-01   8.34690237e-01
   8.29358507e-02  -1.23474406e-01  -2.85503866e-01  -2.95985845e-02
   2.62691841e-02   1.07496484e+00   1.63238881e-01   6.21824740e-01
   4.66269184e-01   2.85454991e-03  -3.11508594e-01  -4.99248057e-01
   6.80554898e-01   3.14754033e-01   5.86269184e-01   7.35499953e-01
   1.32935851e-01  -3.37308159e-02   4.28173946e-01   2.95537477e-01
   1.85895352e-01  -3.07924364e-01   8.16537994e-02   3.66269184e-01
  -2.55953038e-01   8.29905548e-01   6.66269184e-01   2.05399619e-01
   9.12691841e-02   1.49942653e-01   5.66269184e-01   3.55158073e-01
   5.63830160e-01   4.18650136e-01   4.66269184e-01   3.82935851e-01
   1.26983470e-01  -5.33730816e-01  -5.47815323e-01  -1.58730816e-01
  -1.21966110e-01   8.82935851e-01   6.58576876e-01  -3.43254625e-01
   6.66269184e-01   2.09126327e-01   4.66269184e-01   7.66269184e-01
   1.62347615e-01  -2.15901359e-01  -3.37308159e-02   4.73072252e-03
   3.66269184e-01  -1.30116358e-01   3.93098452e-01  -2.62302245e-01
   2.62565480e-01   1.48087366e-01   8.48622125e-01   5.77380295e-01
  -2.22136613e-01   5.91269184e-01  -2.58563031e-01   7.16269184e-01
   2.85818056e-01   3.66269184e-01   5.45044782e-02   4.47038415e-01
  -2.31750618e-01   4.05663123e-01   3.37236926e-01  -1.19937712e-01
   4.24602517e-01   1.74602517e-01  -5.62099610e-01   4.96025174e-02
  -4.29253204e-01   5.73412041e-01  -9.92129213e-03  -2.00397483e-01
  -1.68833608e+00   2.54797104e-02  -3.73081594e-03  -1.17064149e-01
   4.47005566e-02  -5.33730816e-01   2.75792994e-01   3.94840613e-01
  -1.33730816e-01   3.89346107e-01   5.71532342e-01   2.69687987e-01
  -2.70217302e-01  -2.83730816e-01   6.97038415e-01   6.32935851e-01
   1.86269184e-01   4.07372692e-02  -2.00397483e-01  -5.75403398e-02
  -5.66339512e-01   3.38609610e-01   9.66269184e-01   4.26269184e-01
  -1.25567551e-01  -1.76017837e-02  -3.37308159e-02   4.66269184e-01
  -6.31425806e-02   4.18650136e-01  -1.43900307e-01   4.48412041e-01
   1.32935851e-01   6.80554898e-01   3.75360093e-01   6.74602517e-01
  -2.33730816e-01  -4.77392788e-01   1.17237295e-02   4.66269184e-01
  -1.49599497e+00  -7.55953038e-01  -1.81058159e-02  -3.37308159e-02
   4.16269184e-01   2.68738320e-01  -8.49520290e-01   2.18247396e-02
  -1.79884662e-01  -5.43439554e-01   7.25279061e-03  -1.17889232e-01
   4.98269184e-01   3.29905548e-01  -2.92351506e-01  -1.19937712e-01
  -6.76587959e-01   3.55158073e-01  -6.08357682e-01   3.46269184e-01
  -1.74756457e-01  -2.51679534e-01  -5.75403398e-02   3.27807646e-01
   9.36857419e-01  -3.37308159e-02  -4.62302245e-01   6.47371546e-01
   3.32935851e-01   5.81653799e-01  -2.00397483e-01  -1.76587959e-01
   8.82935851e-01  -1.08198901e-01  -3.37308159e-02   2.92356141e-01
   5.06269184e-01   1.17237295e-02  -3.33730816e-01   3.76716945e-01
  -3.19445102e-01  -2.81099237e-01   7.85140820e-02  -3.12951595e-01
   2.48087366e-01  -8.55159387e-01   3.99602517e-01  -1.58730816e-01
   3.04504478e-01   5.13888232e-01   2.93855391e-01  -6.79185361e-01
  -4.06746689e-01  -3.86671992e-01   3.14095271e-01  -2.03455587e-01
   1.80554898e-01  -2.21230816e-01   3.34690237e-01   6.25994593e-02
  -3.20964858e-01   2.13932735e-01   1.02182474e+00   3.31134049e-01
  -9.45495522e-01  -6.10653893e-01   5.32935851e-01   7.51983470e-01
   8.82935851e-01   3.76525594e-01  -6.51377875e-01   3.41269184e-01
  -3.19445102e-01   4.69143453e-02   6.53769184e-01   3.55158073e-01
  -4.39136221e-01   8.41269184e-01   8.71674589e-01  -3.37308159e-02
  -2.64500047e-01  -3.67064149e-01   3.10425028e-01   4.73072252e-03
   3.61006026e-01   3.61006026e-01   1.80554898e-01   6.08001468e-01
  -2.16899133e-01   5.26875245e-01   5.22872958e-01   2.71147233e-01
  -6.38772833e-01   9.78481314e-02   5.00751943e-01   1.61921358e-01
   2.05399619e-01   2.18247396e-02  -5.89833412e-02  -9.78175260e-01
   1.75512353e-02   2.87697755e-01   1.93541911e-01  -5.48575765e-02
   4.66269184e-01   9.78481314e-02   3.58161076e-01  -4.08730816e-01
   5.36036626e-01  -9.14231236e-02   5.07935851e-01   5.16269184e-01
   7.49648362e-02   8.66269184e-01  -3.37308159e-02  -2.08149421e-01
  -5.27742792e-01  -1.82379465e-01  -3.37308159e-02  -3.23204500e-01
   1.26626918e+00  -1.55352438e-01   4.25728644e-01  -2.76587959e-01
  -1.67877157e-01  -1.23373082e+00  -7.91853614e-02  -2.83730816e-01
   3.18121036e-01   2.51983470e-01  -7.83730816e-01   1.58576876e-01
   2.31575307e-01  -1.28373082e+00   1.42739772e-01  -2.00397483e-01
   2.66269184e-01  -2.83730816e-01   9.99602517e-01   4.96025174e-02
   1.16269184e-01  -3.00854104e-01  -5.75397483e-01   3.30346854e-01
   6.62691841e-02   1.32935851e-01   2.09126327e-01   2.83916243e-01
  -3.37308159e-02  -3.33730816e-01   1.22519184e-01   2.18247396e-02
   3.32935851e-01   1.80554898e-01  -1.21966110e-01   4.69143453e-02
  -5.06333556e-01  -2.33730816e-01   3.29905548e-01  -2.00397483e-01
   2.16269184e-01   4.66269184e-01   3.32935851e-01  -7.10442488e-02
  -9.33730816e-01   1.02632820e-01   5.45044782e-02  -3.51912634e-01
   9.20814639e-01  -4.95269277e-01   4.66269184e-01   3.14865754e-02
  -1.02021730e+00  -1.06647483e-01  -2.83730816e-01   2.92356141e-01
  -3.37308159e-02  -2.68424693e-01  -6.31425806e-02   6.04720826e-02
  -1.12678184e-01  -1.53373082e+00  -3.69024934e-01   1.15857688e+00
   6.46269184e-01  -2.55953038e-01   3.76977555e-02   1.83250316e-01
  -2.33730816e-01  -1.70094452e-01  -3.57260228e-01   3.41269184e-01
  -1.11512616e+00   2.07009925e-01  -5.19841927e-01   6.39346107e-01
   6.42739772e-01   2.79130197e-02   3.10713629e-01   5.07935851e-01
   4.50884569e-01  -4.81099237e-01   2.30975066e-01  -3.70767853e-01
   1.17237295e-02  -3.81556903e-01  -2.83730816e-01  -3.33730816e-01
  -8.62089025e-01   3.45057063e-01  -5.99995876e-01  -1.10515939e+00
  -2.17941342e-01   4.35966154e-01   3.03478486e-01  -8.99115431e-01
   4.10713629e-01   3.94840613e-01  -4.02243224e-02   4.49027805e-01
  -1.65309763e-01   1.08471019e-01   2.44046962e-01  -1.33730816e-01
  -8.37308159e-02   3.35834401e-01   7.51942677e-04  -4.00397483e-01
   3.32935851e-01   3.08374447e-01   4.66269184e-01  -2.57868747e-01
  -8.92863715e-02  -1.33730816e-01   1.53769184e-01   3.99602517e-01
  -3.37308159e-02  -3.91625553e-01  -3.55159387e-01  -4.80165302e-02
  -1.53373082e+00   1.02182474e+00  -3.90873673e-01   1.25198347e+00
   2.78769184e-01  -2.21230816e-01   9.36857419e-01  -3.90873673e-01
  -3.82215664e-01   5.83916243e-01  -1.85904729e-01   2.51983470e-01
   1.75360093e-01  -7.62302245e-01  -3.13142581e-01  -1.58730816e-01
   5.91269184e-01  -1.39087367e+00   3.76977555e-02   1.49196013e-01
  -1.02358267e-01  -4.33730816e-01  -1.86792040e-01  -3.97367180e-01
   1.22006889e-01   2.23025941e-01   3.76983470e-01   1.82318567e-01
  -6.33730816e-01  -3.37308159e-02  -7.21923544e-02   4.74333700e-01
   3.08374447e-01  -3.97482610e-04  -4.76587959e-01   4.66269184e-01
   9.12691841e-02   2.05399619e-01  -4.50397483e-01  -1.22420701e+00
   1.32935851e-01  -5.33730816e-01  -3.71393154e-01  -7.91853614e-02
  -5.33730816e-01  -1.12678184e-01  -7.91853614e-02   6.62691841e-02
  -4.46011518e-01   1.14917833e-01  -1.58730816e-01  -3.51912634e-01
   5.32935851e-01   1.70494536e-01   1.80554898e-01   1.66269184e-01
  -1.33730816e-01  -1.21966110e-01   2.16269184e-01   5.99602517e-01
  -5.33730816e-01  -1.54420471e-01   4.89706684e-01   2.80222672e-01
   1.16618834e-01  -3.67064149e-01   6.62691841e-02  -4.19445102e-01
   4.31922610e-02  -2.98436698e-01  -9.62302245e-01  -3.90873673e-01
  -1.56681636e-01   4.36857419e-01   4.66269184e-01  -4.88276270e-01
  -6.87576970e-01  -6.24639907e-01   1.69394184e-01   1.57178275e-01
   7.51983470e-01  -5.32113354e-02   8.19210361e-01  -4.33730816e-01
  -1.08928637e+00   7.86269184e-01  -6.15085937e-02   2.84451002e-01
  -2.05372607e-01  -1.58778487e+00   1.93541911e-01  -9.97685518e-02
   6.66269184e-01  -8.44075644e-01   3.55158073e-01   9.12691841e-02
  -1.24639907e-01  -6.65309763e-01   2.30975066e-01   2.35499953e-01
   1.93541911e-01   1.50479710e-01  -6.13730816e-01  -1.58730816e-01
   2.44046962e-01  -5.25035164e-01   4.66269184e-01  -4.56807739e-01
  -5.37308159e-02   8.57573532e-01  -2.48016530e-01   5.90835553e-02
  -5.33730816e-01  -2.67064149e-01   7.32935851e-01   1.93541911e-01
   3.89346107e-01  -4.31905124e-03  -2.26038508e-01   7.00427690e-02
  -1.63360446e-01  -5.22493345e-02   3.84873835e-01   5.37697755e-01
  -5.33730816e-01   7.16269184e-01   6.88491406e-01  -2.83730816e-01
  -8.90873673e-01  -5.33730816e-01   2.46756989e-01   2.16269184e-01
  -2.33730816e-01   2.18247396e-02   3.55158073e-01  -5.33730816e-01
   8.80062288e-01  -3.79884662e-01   4.53111289e-01  -3.90873673e-01
   2.77863387e-01   2.04364422e-01  -2.98436698e-01  -4.00397483e-01
   1.32935851e-01   2.44046962e-01  -2.36433519e-01  -6.00397483e-01
  -3.57260228e-01   1.69972888e-01   5.81653799e-01   2.66269184e-01
  -3.43254625e-01   6.12610647e-01  -5.73730816e-01   6.44487006e-01
   3.23412041e-01  -1.49115431e-01  -8.63401146e-01   9.12632691e-03
  -6.10653893e-01   3.17097913e-01  -4.73124755e-01   7.69840613e-01
   1.37536009e+00   1.25198347e+00   6.85419113e-02  -1.65309763e-01
  -2.26038508e-01  -3.96888711e-01  -2.83730816e-01  -2.83730816e-01
  -6.24639907e-01   1.32935851e-01   4.66269184e-01  -1.89980816e-01
   4.18650136e-01   7.12645996e-01  -2.35858476e-01   2.80554898e-01
  -1.46706415e+00  -9.88276270e-01   5.30098971e-01  -4.53730816e-01
  -7.51122120e-01   4.56342634e-02  -1.13730816e-01  -1.49115431e-01
  -1.03373082e+00   3.48622125e-01   7.41269184e-01   9.10713629e-01
   3.14754033e-01  -1.19937712e-01   1.80554898e-01  -5.78050538e-03
  -2.14058685e-01   5.58576876e-01   3.25918307e-01   5.66269184e-01
  -1.81878964e-01  -2.09921292e-01   4.18076413e-01   6.88491406e-01
   5.29678403e-05   1.60146735e-01   6.02632820e-01   4.66269184e-01
   4.73072252e-03   1.36080505e-01   2.44046962e-01  -5.67821725e-01
   4.88247206e-01   3.89346107e-01  -5.15938737e-03  -8.46230816e-01
   4.10713629e-01  -7.41502647e-03   2.35499953e-01   1.66269184e-01
  -2.33730816e-01   3.66269184e-01   1.03571363e+00  -4.31905124e-03
   1.13293585e+00  -5.33730816e-01   3.82935851e-01   3.23412041e-01
   1.04567056e-01  -3.90873673e-01  -3.51912634e-01  -2.13469378e-01
  -1.65309763e-01  -2.08730816e-01  -6.31425806e-02  -3.67064149e-01
  -2.26038508e-01  -1.33730816e-01   6.09126327e-01   2.16269184e-01
  -4.67064149e-01  -8.92863715e-02   5.24760806e-02   1.32341204e+00
   2.16269184e-01  -6.37179092e-01   7.91724099e-02   5.43192261e-01
  -8.04564149e-01   1.16269184e-01   1.16269184e-01   3.75360093e-01
  -1.05159387e-01  -4.06458089e-01   8.26269184e-01   7.49648362e-02
   4.66269184e-01   6.55458373e-01  -2.42064149e-01]Recommend_SVDplusplus.py:23: FutureWarning: read_table is deprecated, use read_csv instead, passing sep='\t'.
  allData = pd.read_table(allfile, names=data_fields)
 shape: (943,)
s.bi: [ 0.32101779 -0.28811678 -0.46396337 ...,  0.         -0.53373082
 -0.53373082] shape: (1682,)
s.U: [[ -2.30149020e-04   3.41936235e-03   1.19984512e-03 ...,   5.28546407e-03
    7.81796465e-03   3.03780402e-03]
 [  7.96719142e-03  -2.79114909e-04   6.35165256e-03 ...,   3.24493860e-03
    8.78822201e-03   6.07954591e-03]
 [  4.91308695e-03   9.01421226e-03   9.25386249e-04 ...,   6.95125076e-03
    2.22060446e-04   5.11588974e-03]
 ..., 
 [  9.01023687e-03   2.74504555e-03   8.60363764e-03 ...,   2.84891849e-03
    6.80356601e-03  -4.13487647e-04]
 [  2.52871573e-03   8.81636994e-03   7.21295133e-03 ...,   4.42364123e-03
    4.51029762e-05   8.00555996e-03]
 [  8.18738797e-03   1.59445951e-03   3.16674228e-03 ...,   1.27614068e-03
    8.22572735e-03   2.40586990e-03]] shape: (943, 20)
s.V: [[ 0.00158275  0.00659148  0.00396398 ...,  0.00278611  0.00077832
   0.00598306]
 [ 0.00295632  0.00316692  0.00024039 ...,  0.00155464  0.00595868
   0.00101551]
 [ 0.00906015  0.00770963  0.00280624 ...,  0.0064217   0.00866784
   0.00133295]
 ..., 
 [ 0.00300966  0.00916358  0.00627018 ...,  0.00741845  0.00912086
   0.00351932]
 [ 0.00155168  0.00947462  0.0031     ...,  0.00807537  0.00646539
   0.00630847]
 [ 0.00897743  0.00687758  0.00014254 ...,  0.00246101  0.0027796
   0.00204182]] shape: (1682, 20)
s.W: [[ 0.00025636  0.00021524  0.00227298 ...,  0.00528747  0.00032509
   0.00374546]
 [ 0.0028568   0.00387938  0.00832161 ...,  0.00673783  0.00192796
   0.00382548]
 [ 0.00175294  0.00327118  0.00240745 ...,  0.00580392 -0.00037381
   0.00644638]
 ..., 
 [ 0.00518422  0.00205425  0.00556928 ...,  0.00916926  0.0044539
   0.00471755]
 [ 0.0072508   0.00849421  0.00062665 ..., -0.00031363  0.00591035
   0.00921228]
 [ 0.00343911  0.00314051  0.00527114 ...,  0.00657949  0.00401109
   0.00181285]] shape: (1682, 20)
Beginning to train the model......
Traceback (most recent call last):
  File "Recommend_SVDplusplus.py", line 221, in <module>
    s.train(iterTimes=100)
  File "Recommend_SVDplusplus.py", line 96, in train
    user = int(self.ua_base_explict.loc[index]['user_id'])-1
  File "/home/yangcg/anaconda3/envs/py35_tf1.11_gpu/lib/python3.6/site-packages/pandas/core/indexing.py", line 1500, in __getitem__
    return self._getitem_axis(maybe_callable, axis=axis)
  File "/home/yangcg/anaconda3/envs/py35_tf1.11_gpu/lib/python3.6/site-packages/pandas/core/indexing.py", line 1913, in _getitem_axis
    return self._get_label(key, axis=axis)
  File "/home/yangcg/anaconda3/envs/py35_tf1.11_gpu/lib/python3.6/site-packages/pandas/core/indexing.py", line 141, in _get_label
    return self.obj._xs(label, axis=axis)
  File "/home/yangcg/anaconda3/envs/py35_tf1.11_gpu/lib/python3.6/site-packages/pandas/core/generic.py", line 3578, in xs
    self._consolidate_inplace()
  File "/home/yangcg/anaconda3/envs/py35_tf1.11_gpu/lib/python3.6/site-packages/pandas/core/generic.py", line 5138, in _consolidate_inplace
    self._protect_consolidate(f)
  File "/home/yangcg/anaconda3/envs/py35_tf1.11_gpu/lib/python3.6/site-packages/pandas/core/generic.py", line 5126, in _protect_consolidate
    blocks_before = len(self._data.blocks)
KeyboardInterrupt
